Watching for file changes with StatReloader
G:\实验四\Blog\settings.py changed, reloading.
Performing system checks...

System check identified no issues (0 silenced).
December 25, 2025 - 19:52:55
Django version 5.2.9, using settings 'Blog.settings'
Starting development server at http://127.0.0.1:8000/
Quit the server with CTRL-BREAK.

WARNING: This is a development server. Do not use it in a production setting. Use a production WSGI or ASGI server instead.
For more information on production servers see: https://docs.djangoproject.com/en/5.2/howto/deployment/
Watching for file changes with StatReloader
G:\实验四\blogs\models.py changed, reloading.
Performing system checks...

System check identified no issues (0 silenced).
December 25, 2025 - 19:55:44
Django version 5.2.9, using settings 'Blog.settings'
Starting development server at http://127.0.0.1:8000/
Quit the server with CTRL-BREAK.

WARNING: This is a development server. Do not use it in a production setting. Use a production WSGI or ASGI server instead.
For more information on production servers see: https://docs.djangoproject.com/en/5.2/howto/deployment/
Watching for file changes with StatReloader
G:\实验四\Blog\urls.py changed, reloading.
Performing system checks...

System check identified no issues (0 silenced).
December 25, 2025 - 19:56:14
Django version 5.2.9, using settings 'Blog.settings'
Starting development server at http://127.0.0.1:8000/
Quit the server with CTRL-BREAK.

WARNING: This is a development server. Do not use it in a production setting. Use a production WSGI or ASGI server instead.
For more information on production servers see: https://docs.djangoproject.com/en/5.2/howto/deployment/
Watching for file changes with StatReloader
G:\实验四\blogs\urls.py changed, reloading.
Performing system checks...

System check identified no issues (0 silenced).
December 25, 2025 - 20:04:56
Django version 5.2.9, using settings 'Blog.settings'
Starting development server at http://127.0.0.1:8000/
Quit the server with CTRL-BREAK.

WARNING: This is a development server. Do not use it in a production setting. Use a production WSGI or ASGI server instead.
For more information on production servers see: https://docs.djangoproject.com/en/5.2/howto/deployment/
Watching for file changes with StatReloader
G:\实验四\blogs\models.py changed, reloading.
Performing system checks...

System check identified no issues (0 silenced).
December 25, 2025 - 20:05:40
Django version 5.2.9, using settings 'Blog.settings'
Starting development server at http://127.0.0.1:8000/
Quit the server with CTRL-BREAK.

WARNING: This is a development server. Do not use it in a production setting. Use a production WSGI or ASGI server instead.
For more information on production servers see: https://docs.djangoproject.com/en/5.2/howto/deployment/
Watching for file changes with StatReloader
G:\实验四\blogs\admin.py changed, reloading.
Performing system checks...

System check identified no issues (0 silenced).
December 25, 2025 - 20:08:05
Django version 5.2.9, using settings 'Blog.settings'
Starting development server at http://127.0.0.1:8000/
Quit the server with CTRL-BREAK.

WARNING: This is a development server. Do not use it in a production setting. Use a production WSGI or ASGI server instead.
For more information on production servers see: https://docs.djangoproject.com/en/5.2/howto/deployment/
Watching for file changes with StatReloader
G:\实验四\Blog\urls.py changed, reloading.
Performing system checks...

System check identified no issues (0 silenced).
December 25, 2025 - 20:08:12
Django version 5.2.9, using settings 'Blog.settings'
Starting development server at http://127.0.0.1:8000/
Quit the server with CTRL-BREAK.

WARNING: This is a development server. Do not use it in a production setting. Use a production WSGI or ASGI server instead.
For more information on production servers see: https://docs.djangoproject.com/en/5.2/howto/deployment/
Watching for file changes with StatReloader
G:\实验四\blogs\views.py changed, reloading.
Performing system checks...

System check identified no issues (0 silenced).
December 25, 2025 - 20:08:18
Django version 5.2.9, using settings 'Blog.settings'
Starting development server at http://127.0.0.1:8000/
Quit the server with CTRL-BREAK.

WARNING: This is a development server. Do not use it in a production setting. Use a production WSGI or ASGI server instead.
For more information on production servers see: https://docs.djangoproject.com/en/5.2/howto/deployment/
Watching for file changes with StatReloader
G:\实验四\Blog\settings.py changed, reloading.
Performing system checks...

System check identified no issues (0 silenced).
December 25, 2025 - 20:08:23
Django version 5.2.9, using settings 'Blog.settings'
Starting development server at http://127.0.0.1:8000/
Quit the server with CTRL-BREAK.

WARNING: This is a development server. Do not use it in a production setting. Use a production WSGI or ASGI server instead.
For more information on production servers see: https://docs.djangoproject.com/en/5.2/howto/deployment/
Watching for file changes with StatReloader
G:\实验四\blogs\admin.py changed, reloading.
Performing system checks...

System check identified no issues (0 silenced).
December 25, 2025 - 20:08:30
Django version 5.2.9, using settings 'Blog.settings'
Starting development server at http://127.0.0.1:8000/
Quit the server with CTRL-BREAK.

WARNING: This is a development server. Do not use it in a production setting. Use a production WSGI or ASGI server instead.
For more information on production servers see: https://docs.djangoproject.com/en/5.2/howto/deployment/
Watching for file changes with StatReloader
[25/Dec/2025 20:12:17] "GET / HTTP/1.1" 200 510
[25/Dec/2025 20:13:12] "GET /admin/ HTTP/1.1" 302 0
[25/Dec/2025 20:13:12] "GET /admin/login/?next=/admin/ HTTP/1.1" 200 4173
[25/Dec/2025 20:13:12] "GET /static/admin/css/base.css HTTP/1.1" 200 22120
[25/Dec/2025 20:13:13] "GET /static/admin/css/dark_mode.css HTTP/1.1" 200 2808
[25/Dec/2025 20:13:13] "GET /static/admin/js/theme.js HTTP/1.1" 200 1653
[25/Dec/2025 20:13:13] "GET /static/admin/css/nav_sidebar.css HTTP/1.1" 200 2810
[25/Dec/2025 20:13:13] "GET /static/admin/js/nav_sidebar.js HTTP/1.1" 200 3063
[25/Dec/2025 20:13:13] "GET /static/admin/css/login.css HTTP/1.1" 200 951
[25/Dec/2025 20:13:13] "GET /static/admin/css/responsive.css HTTP/1.1" 200 16565
[25/Dec/2025 20:13:16] "GET / HTTP/1.1" 200 510
[25/Dec/2025 20:13:47] "POST /admin/login/?next=/admin/ HTTP/1.1" 200 4345
[25/Dec/2025 20:13:59] "GET /admin/ HTTP/1.1" 302 0
[25/Dec/2025 20:13:59] "GET /admin/login/?next=/admin/ HTTP/1.1" 200 4173
[25/Dec/2025 20:15:20] "GET / HTTP/1.1" 200 510
[25/Dec/2025 20:15:24] "GET /accounts/login/ HTTP/1.1" 200 748
[25/Dec/2025 20:15:35] "GET /accounts/login/ HTTP/1.1" 200 748
[25/Dec/2025 20:15:48] "POST /accounts/login/ HTTP/1.1" 200 909
[25/Dec/2025 20:16:38] "GET /accounts/login/ HTTP/1.1" 200 748
[25/Dec/2025 20:16:43] "GET /accounts/login/ HTTP/1.1" 200 748
G:\实验四\blogs\views.py changed, reloading.
Performing system checks...

System check identified no issues (0 silenced).
December 25, 2025 - 20:08:59
Django version 5.2.9, using settings 'Blog.settings'
Starting development server at http://127.0.0.1:8000/
Quit the server with CTRL-BREAK.

WARNING: This is a development server. Do not use it in a production setting. Use a production WSGI or ASGI server instead.
For more information on production servers see: https://docs.djangoproject.com/en/5.2/howto/deployment/
Watching for file changes with StatReloader
G:\实验四\blogs\urls.py changed, reloading.
Performing system checks...

System check identified no issues (0 silenced).
December 25, 2025 - 20:16:52
Django version 5.2.9, using settings 'Blog.settings'
Starting development server at http://127.0.0.1:8000/
Quit the server with CTRL-BREAK.

WARNING: This is a development server. Do not use it in a production setting. Use a production WSGI or ASGI server instead.
For more information on production servers see: https://docs.djangoproject.com/en/5.2/howto/deployment/
Watching for file changes with StatReloader
G:\实验四\blogs\urls.py changed, reloading.
Performing system checks...

System check identified no issues (0 silenced).
December 25, 2025 - 20:17:01
Django version 5.2.9, using settings 'Blog.settings'
Starting development server at http://127.0.0.1:8000/
Quit the server with CTRL-BREAK.

WARNING: This is a development server. Do not use it in a production setting. Use a production WSGI or ASGI server instead.
For more information on production servers see: https://docs.djangoproject.com/en/5.2/howto/deployment/
Watching for file changes with StatReloader
[25/Dec/2025 20:17:50] "GET /accounts/register/ HTTP/1.1" 200 1725
[25/Dec/2025 20:18:07] "GET /accounts/login/ HTTP/1.1" 200 748
[25/Dec/2025 20:18:08] "GET /accounts/login/ HTTP/1.1" 200 748
[25/Dec/2025 20:18:11] "GET / HTTP/1.1" 200 547
[25/Dec/2025 20:18:11] "GET / HTTP/1.1" 200 547
[25/Dec/2025 20:18:11] "GET / HTTP/1.1" 200 547
[25/Dec/2025 20:18:13] "GET /accounts/register/ HTTP/1.1" 200 1725
[25/Dec/2025 20:18:34] "POST /accounts/register/ HTTP/1.1" 200 1913
[25/Dec/2025 20:18:39] "GET /accounts/login/ HTTP/1.1" 200 748
[25/Dec/2025 20:18:48] "POST /accounts/login/ HTTP/1.1" 200 909
[25/Dec/2025 20:18:55] "GET /accounts/login/ HTTP/1.1" 200 748
[25/Dec/2025 20:19:24] "POST /accounts/register/ HTTP/1.1" 302 0
[25/Dec/2025 20:19:24] "GET / HTTP/1.1" 200 585
[25/Dec/2025 20:19:30] "GET /post/new/ HTTP/1.1" 200 669
[25/Dec/2025 20:19:35] "GET /admin/ HTTP/1.1" 302 0
[25/Dec/2025 20:19:35] "GET /admin/login/?next=/admin/ HTTP/1.1" 200 3691
[25/Dec/2025 20:19:35] "GET /static/admin/css/base.css HTTP/1.1" 304 0
[25/Dec/2025 20:19:35] "GET /static/admin/css/dark_mode.css HTTP/1.1" 304 0
[25/Dec/2025 20:19:35] "GET /static/admin/css/nav_sidebar.css HTTP/1.1" 304 0
[25/Dec/2025 20:19:35] "GET /static/admin/css/login.css HTTP/1.1" 304 0
[25/Dec/2025 20:19:35] "GET /static/admin/js/theme.js HTTP/1.1" 304 0
[25/Dec/2025 20:19:35] "GET /static/admin/css/responsive.css HTTP/1.1" 304 0
[25/Dec/2025 20:19:35] "GET /static/admin/js/nav_sidebar.js HTTP/1.1" 304 0
[25/Dec/2025 20:19:39] "POST /admin/login/?next=/admin/ HTTP/1.1" 200 3863
[25/Dec/2025 20:19:47] "POST /admin/login/?next=/admin/ HTTP/1.1" 200 3863
[25/Dec/2025 20:19:54] "GET /admin/login/?next=/admin/ HTTP/1.1" 200 3691
[25/Dec/2025 20:19:58] "GET /post/new/ HTTP/1.1" 200 669
G:\实验四\Blog\settings.py changed, reloading.
Performing system checks...

System check identified no issues (0 silenced).
December 25, 2025 - 20:17:07
Django version 5.2.9, using settings 'Blog.settings'
Starting development server at http://127.0.0.1:8000/
Quit the server with CTRL-BREAK.

WARNING: This is a development server. Do not use it in a production setting. Use a production WSGI or ASGI server instead.
For more information on production servers see: https://docs.djangoproject.com/en/5.2/howto/deployment/
Watching for file changes with StatReloader
G:\实验四\Blog\settings.py changed, reloading.
Performing system checks...

System check identified no issues (0 silenced).
December 25, 2025 - 20:20:52
Django version 5.2.9, using settings 'Blog.settings'
Starting development server at http://127.0.0.1:8000/
Quit the server with CTRL-BREAK.

WARNING: This is a development server. Do not use it in a production setting. Use a production WSGI or ASGI server instead.
For more information on production servers see: https://docs.djangoproject.com/en/5.2/howto/deployment/
Watching for file changes with StatReloader
[25/Dec/2025 20:22:29] "GET / HTTP/1.1" 200 1207
[25/Dec/2025 20:23:37] "GET /post/new/ HTTP/1.1" 200 1241
[25/Dec/2025 20:23:37] "GET /static/css/style.css HTTP/1.1" 404 1853
[25/Dec/2025 20:23:38] "GET /post/new/ HTTP/1.1" 200 1241
[25/Dec/2025 20:23:39] "GET /static/css/style.css HTTP/1.1" 404 1853
Method Not Allowed (GET): /accounts/logout/
[25/Dec/2025 20:23:49] "GET /accounts/logout/ HTTP/1.1" 405 0
Method Not Allowed (GET): /accounts/logout/
[25/Dec/2025 20:23:50] "GET /accounts/logout/ HTTP/1.1" 405 0
Method Not Allowed (GET): /accounts/logout/
[25/Dec/2025 20:23:51] "GET /accounts/logout/ HTTP/1.1" 405 0
Method Not Allowed (GET): /accounts/logout/
[25/Dec/2025 20:23:53] "GET /accounts/logout/ HTTP/1.1" 405 0
Method Not Allowed (GET): /accounts/logout/
[25/Dec/2025 20:23:53] "GET /accounts/logout/ HTTP/1.1" 405 0
[25/Dec/2025 20:25:50] "GET / HTTP/1.1" 200 1143
[25/Dec/2025 20:25:50] "GET /static/css/style.css HTTP/1.1" 404 1853
[25/Dec/2025 20:26:11] "GET /post/new/ HTTP/1.1" 200 1241
[25/Dec/2025 20:26:11] "GET /static/css/style.css HTTP/1.1" 404 1853
[25/Dec/2025 20:26:13] "GET / HTTP/1.1" 200 1143
[25/Dec/2025 20:26:13] "GET /static/css/style.css HTTP/1.1" 404 1853
[25/Dec/2025 20:26:19] "GET /post/new/ HTTP/1.1" 200 1241
[25/Dec/2025 20:26:19] "GET /static/css/style.css HTTP/1.1" 404 1853
[25/Dec/2025 20:27:09] "POST /post/new/ HTTP/1.1" 302 0
[25/Dec/2025 20:27:09] "GET / HTTP/1.1" 200 1350
[25/Dec/2025 20:27:09] "GET /static/css/style.css HTTP/1.1" 404 1853
[25/Dec/2025 20:27:21] "GET /post/new/ HTTP/1.1" 200 1241
[25/Dec/2025 20:27:21] "GET /static/css/style.css HTTP/1.1" 404 1853
[25/Dec/2025 20:27:22] "GET / HTTP/1.1" 200 1350
[25/Dec/2025 20:27:22] "GET /static/css/style.css HTTP/1.1" 404 1853
[25/Dec/2025 20:27:25] "GET /post/3/edit/ HTTP/1.1" 200 1276
[25/Dec/2025 20:27:25] "GET /static/css/style.css HTTP/1.1" 404 1853
[25/Dec/2025 20:27:27] "POST /post/3/edit/ HTTP/1.1" 302 0
[25/Dec/2025 20:27:27] "GET / HTTP/1.1" 200 1350
[25/Dec/2025 20:27:27] "GET /static/css/style.css HTTP/1.1" 404 1853
